#
# There is insufficient memory for the Java Runtime Environment to continue.
# Native memory allocation (malloc) failed to allocate 32744 bytes for ChunkPool::allocate
# Possible reasons:
#   The system is out of physical RAM or swap space
#   The process is running with CompressedOops enabled, and the Java Heap may be blocking the growth of the native heap
# Possible solutions:
#   Reduce memory load on the system
#   Increase physical memory or swap space
#   Check if swap backing store is full
#   Decrease Java heap size (-Xmx/-Xms)
#   Decrease number of Java threads
#   Decrease Java thread stack sizes (-Xss)
#   Set larger code cache with -XX:ReservedCodeCacheSize=
#   JVM is running with Unscaled Compressed Oops mode in which the Java heap is
#     placed in the first 4GB address space. The Java Heap base address is the
#     maximum limit for the native heap growth. Please use -XX:HeapBaseMinAddress
#     to set the Java Heap base and to place the Java Heap above 4GB virtual address.
# This output file may be truncated or incomplete.
#
#  Out of Memory Error (arena.cpp:78), pid=32692, tid=17756
#
# JRE version: OpenJDK Runtime Environment Temurin-17.0.7+7 (17.0.7+7) (build 17.0.7+7)
# Java VM: OpenJDK 64-Bit Server VM Temurin-17.0.7+7 (17.0.7+7, mixed mode, tiered, compressed oops, compressed class ptrs, g1 gc, windows-amd64)
# No core dump will be written. Minidumps are not enabled by default on client versions of Windows
#

---------------  S U M M A R Y ------------

Command Line: -Dosgi.requiredJavaVersion=17 -Dosgi.instance.area.default=@user.home/eclipse-workspace -Dosgi.dataAreaRequiresExplicitInit=true -Dorg.eclipse.swt.graphics.Resource.reportNonDisposed=true -Xms256m -Xmx2048m -XX:+UseG1GC -XX:+UseStringDeduplication --add-modules=ALL-SYSTEM Eclipse

Host: AMD Ryzen 5 5600H with Radeon Graphics         , 12 cores, 7G,  Windows 11 , 64 bit Build 22621 (10.0.22621.4391)
Time: Thu Dec 19 04:21:59 2024 Malay Peninsula Standard Time elapsed time: 6.646280 seconds (0d 0h 0m 6s)

---------------  T H R E A D  ---------------

Current thread (0x0000019053aab360):  JavaThread "C1 CompilerThread0" daemon [_thread_in_native, id=17756, stack(0x0000006094800000,0x0000006094900000)]


Current CompileTask:
C1:   6646 2685   !   3       org.apache.felix.scr.impl.xml.XmlHandler::startElement (1900 bytes)

Stack: [0x0000006094800000,0x0000006094900000]
Native frames: (J=compiled Java code, j=interpreted, Vv=VM code, C=native code)
V  [jvm.dll+0x67754a]
V  [jvm.dll+0x834304]
V  [jvm.dll+0x835aae]
V  [jvm.dll+0x836113]
V  [jvm.dll+0x24696f]
V  [jvm.dll+0xac2cc]
V  [jvm.dll+0xac67c]
V  [jvm.dll+0x11d2e5]
V  [jvm.dll+0x17ad54]
V  [jvm.dll+0x17b333]
V  [jvm.dll+0x135ae3]
V  [jvm.dll+0x1353df]
V  [jvm.dll+0x135616]
V  [jvm.dll+0x134aaa]
V  [jvm.dll+0x136771]
V  [jvm.dll+0x2284da]
V  [jvm.dll+0x226615]
V  [jvm.dll+0x7ea90b]
V  [jvm.dll+0x7e4e7a]
V  [jvm.dll+0x676395]
C  [ucrtbase.dll+0x29333]
C  [KERNEL32.DLL+0x1259d]
C  [ntdll.dll+0x5af38]


---------------  P R O C E S S  ---------------

Threads class SMR info:
_java_thread_list=0x00000190586374f0, length=19, elements={
0x000001903951cbf0, 0x0000019053a4a690, 0x0000019053a4f510, 0x0000019053a92a40,
0x0000019053a94740, 0x0000019053a99fc0, 0x0000019053a9b020, 0x0000019053aa0050,
0x0000019053aab360, 0x0000019053aac7f0, 0x0000019053c1cbc0, 0x00000190539e1350,
0x00000190585e52f0, 0x0000019058b25c30, 0x0000019058bca880, 0x0000019058876c70,
0x0000019058879f00, 0x0000019058efe850, 0x000001905805dd50
}

Java Threads: ( => current thread )
  0x000001903951cbf0 JavaThread "main" [_thread_blocked, id=20632, stack(0x0000006093600000,0x0000006093700000)]
  0x0000019053a4a690 JavaThread "Reference Handler" daemon [_thread_blocked, id=23156, stack(0x0000006094100000,0x0000006094200000)]
  0x0000019053a4f510 JavaThread "Finalizer" daemon [_thread_blocked, id=19752, stack(0x0000006094200000,0x0000006094300000)]
  0x0000019053a92a40 JavaThread "Signal Dispatcher" daemon [_thread_blocked, id=18180, stack(0x0000006094300000,0x0000006094400000)]
  0x0000019053a94740 JavaThread "Attach Listener" daemon [_thread_blocked, id=19580, stack(0x0000006094400000,0x0000006094500000)]
  0x0000019053a99fc0 JavaThread "Service Thread" daemon [_thread_blocked, id=28020, stack(0x0000006094500000,0x0000006094600000)]
  0x0000019053a9b020 JavaThread "Monitor Deflation Thread" daemon [_thread_blocked, id=27156, stack(0x0000006094600000,0x0000006094700000)]
  0x0000019053aa0050 JavaThread "C2 CompilerThread0" daemon [_thread_blocked, id=4352, stack(0x0000006094700000,0x0000006094800000)]
=>0x0000019053aab360 JavaThread "C1 CompilerThread0" daemon [_thread_in_native, id=17756, stack(0x0000006094800000,0x0000006094900000)]
  0x0000019053aac7f0 JavaThread "Sweeper thread" daemon [_thread_blocked, id=12772, stack(0x0000006094900000,0x0000006094a00000)]
  0x0000019053c1cbc0 JavaThread "Common-Cleaner" daemon [_thread_blocked, id=20628, stack(0x0000006094a00000,0x0000006094b00000)]
  0x00000190539e1350 JavaThread "Notification Thread" daemon [_thread_blocked, id=33356, stack(0x0000006094b00000,0x0000006094c00000)]
  0x00000190585e52f0 JavaThread "Active Thread: Equinox Container: df1fd875-bed0-47fe-8b5b-2808c7574b53" [_thread_blocked, id=2916, stack(0x0000006095d00000,0x0000006095e00000)]
  0x0000019058b25c30 JavaThread "Framework Event Dispatcher: Equinox Container: df1fd875-bed0-47fe-8b5b-2808c7574b53" daemon [_thread_blocked, id=30624, stack(0x0000006095e00000,0x0000006095f00000)]
  0x0000019058bca880 JavaThread "Start Level: Equinox Container: df1fd875-bed0-47fe-8b5b-2808c7574b53" daemon [_thread_in_native, id=35544, stack(0x0000006095f00000,0x0000006096000000)]
  0x0000019058876c70 JavaThread "SCR Component Actor" daemon [_thread_blocked, id=12000, stack(0x0000006096000000,0x0000006096100000)]
  0x0000019058879f00 JavaThread "SCR Component Registry" daemon [_thread_blocked, id=34092, stack(0x0000006096100000,0x0000006096200000)]
  0x0000019058efe850 JavaThread "EMF Reference Cleaner" daemon [_thread_blocked, id=33056, stack(0x0000006096300000,0x0000006096400000)]
  0x000001905805dd50 JavaThread "Worker-JM" [_thread_blocked, id=17228, stack(0x0000006096600000,0x0000006096700000)]

Other Threads:
  0x0000019053a36c60 VMThread "VM Thread" [stack: 0x0000006094000000,0x0000006094100000] [id=31416]
  0x0000019050cd6750 WatcherThread [stack: 0x0000006094c00000,0x0000006094d00000] [id=33584]
  0x0000019050cd19b0 GCTaskThread "GC Thread#0" [stack: 0x0000006093a00000,0x0000006093b00000] [id=27924]
  0x0000019058451970 GCTaskThread "GC Thread#1" [stack: 0x0000006094d00000,0x0000006094e00000] [id=13700]
  0x0000019058615760 GCTaskThread "GC Thread#2" [stack: 0x0000006094e00000,0x0000006094f00000] [id=34868]
  0x0000019058615e20 GCTaskThread "GC Thread#3" [stack: 0x0000006094f00000,0x0000006095000000] [id=14804]
  0x00000190586164d0 GCTaskThread "GC Thread#4" [stack: 0x0000006095000000,0x0000006095100000] [id=18528]
  0x00000190583acd70 GCTaskThread "GC Thread#5" [stack: 0x0000006095100000,0x0000006095200000] [id=33428]
  0x00000190584c49f0 GCTaskThread "GC Thread#6" [stack: 0x0000006095200000,0x0000006095300000] [id=21120]
  0x000001905867aa60 GCTaskThread "GC Thread#7" [stack: 0x0000006095300000,0x0000006095400000] [id=16436]
  0x000001905867ad10 GCTaskThread "GC Thread#8" [stack: 0x0000006095400000,0x0000006095500000] [id=22652]
  0x0000019058794960 GCTaskThread "GC Thread#9" [stack: 0x0000006095500000,0x0000006095600000] [id=32976]
  0x000001903956b960 ConcurrentGCThread "G1 Main Marker" [stack: 0x0000006093b00000,0x0000006093c00000] [id=28040]
  0x000001903956c4f0 ConcurrentGCThread "G1 Conc#0" [stack: 0x0000006093c00000,0x0000006093d00000] [id=4740]
  0x0000019058478040 ConcurrentGCThread "G1 Conc#1" [stack: 0x0000006096200000,0x0000006096300000] [id=34284]
  0x0000019058fc19c0 ConcurrentGCThread "G1 Conc#2" [stack: 0x0000006096500000,0x0000006096600000] [id=35660]
  0x0000019050dce650 ConcurrentGCThread "G1 Refine#0" [stack: 0x0000006093d00000,0x0000006093e00000] [id=32480]
  0x0000019058795020 ConcurrentGCThread "G1 Refine#1" [stack: 0x0000006095600000,0x0000006095700000] [id=30532]
  0x000001905870d780 ConcurrentGCThread "G1 Refine#2" [stack: 0x0000006095700000,0x0000006095800000] [id=11348]
  0x0000019058439a90 ConcurrentGCThread "G1 Refine#3" [stack: 0x0000006095800000,0x0000006095900000] [id=25680]
  0x0000019058637f00 ConcurrentGCThread "G1 Refine#4" [stack: 0x0000006095900000,0x0000006095a00000] [id=16832]
  0x000001905807f020 ConcurrentGCThread "G1 Refine#5" [stack: 0x0000006095a00000,0x0000006095b00000] [id=15936]
  0x000001905807f300 ConcurrentGCThread "G1 Refine#6" [stack: 0x0000006095b00000,0x0000006095c00000] [id=34448]
  0x000001905807fbf0 ConcurrentGCThread "G1 Refine#7" [stack: 0x0000006095c00000,0x0000006095d00000] [id=19536]
  0x0000019050dcee20 ConcurrentGCThread "G1 Service" [stack: 0x0000006093e00000,0x0000006093f00000] [id=27352]
  0x0000019050eaeae0 ConcurrentGCThread "StringDedupProcessor" [stack: 0x0000006093f00000,0x0000006094000000] [id=33988]

Threads with active compile tasks:
C1 CompilerThread0     6673 2685   !   3       org.apache.felix.scr.impl.xml.XmlHandler::startElement (1900 bytes)

VM state: not at safepoint (normal execution)

VM Mutex/Monitor currently owned by a thread: None

Heap address: 0x0000000080000000, size: 2048 MB, Compressed Oops mode: 32-bit

CDS archive(s) not mapped
Compressed class space mapped at: 0x0000000100000000-0x0000000140000000, reserved size: 1073741824
Narrow klass base: 0x0000000000000000, Narrow klass shift: 3, Narrow klass range: 0x140000000

GC Precious Log:
 CPUs: 12 total, 12 available
 Memory: 7521M
 Large Page Support: Disabled
 NUMA Support: Disabled
 Compressed Oops: Enabled (32-bit)
 Heap Region Size: 1M
 Heap Min Capacity: 256M
 Heap Initial Capacity: 256M
 Heap Max Capacity: 2G
 Pre-touch: Disabled
 Parallel Workers: 10
 Concurrent Workers: 3
 Concurrent Refinement Workers: 10
 Periodic GC: Disabled
 String Deduplication is enabled

Heap:
 garbage-first heap   total 262144K, used 25496K [0x0000000080000000, 0x0000000100000000)
  region size 1024K, 16 young (16384K), 4 survivors (4096K)
 Metaspace       used 22711K, committed 23232K, reserved 1114112K
  class space    used 2204K, committed 2432K, reserved 1048576K

Heap Regions: E=young(eden), S=young(survivor), O=old, HS=humongous(starts), HC=humongous(continues), CS=collection set, F=free, OA=open archive, CA=closed archive, TAMS=top-at-mark-start (previous, next)
|   0|0x0000000080000000, 0x0000000080100000, 0x0000000080100000|100%| O|  |TAMS 0x0000000080100000, 0x0000000080000000| Untracked 
|   1|0x0000000080100000, 0x0000000080200000, 0x0000000080200000|100%| O|  |TAMS 0x0000000080200000, 0x0000000080100000| Untracked 
|   2|0x0000000080200000, 0x0000000080300000, 0x0000000080300000|100%| O|  |TAMS 0x0000000080300000, 0x0000000080200000| Untracked 
|   3|0x0000000080300000, 0x0000000080400000, 0x0000000080400000|100%| O|  |TAMS 0x0000000080400000, 0x0000000080300000| Untracked 
|   4|0x0000000080400000, 0x0000000080500000, 0x0000000080500000|100%| O|  |TAMS 0x0000000080500000, 0x0000000080400000| Untracked 
|   5|0x0000000080500000, 0x0000000080600000, 0x0000000080600000|100%| O|  |TAMS 0x0000000080600000, 0x0000000080500000| Untracked 
|   6|0x0000000080600000, 0x0000000080700000, 0x0000000080700000|100%| O|  |TAMS 0x0000000080700000, 0x0000000080600000| Untracked 
|   7|0x0000000080700000, 0x0000000080800000, 0x0000000080800000|100%| O|  |TAMS 0x0000000080800000, 0x0000000080700000| Untracked 
|   8|0x0000000080800000, 0x0000000080900000, 0x0000000080900000|100%| O|  |TAMS 0x0000000080871c00, 0x0000000080800000| Untracked 
|   9|0x0000000080900000, 0x00000000809e6200, 0x0000000080a00000| 89%| O|  |TAMS 0x0000000080900000, 0x0000000080900000| Untracked 
|  10|0x0000000080a00000, 0x0000000080a00000, 0x0000000080b00000|  0%| F|  |TAMS 0x0000000080a00000, 0x0000000080a00000| Untracked 
|  11|0x0000000080b00000, 0x0000000080b00000, 0x0000000080c00000|  0%| F|  |TAMS 0x0000000080b00000, 0x0000000080b00000| Untracked 
|  12|0x0000000080c00000, 0x0000000080c00000, 0x0000000080d00000|  0%| F|  |TAMS 0x0000000080c00000, 0x0000000080c00000| Untracked 
|  13|0x0000000080d00000, 0x0000000080d00000, 0x0000000080e00000|  0%| F|  |TAMS 0x0000000080d00000, 0x0000000080d00000| Untracked 
|  14|0x0000000080e00000, 0x0000000080e00000, 0x0000000080f00000|  0%| F|  |TAMS 0x0000000080e00000, 0x0000000080e00000| Untracked 
|  15|0x0000000080f00000, 0x0000000080f00000, 0x0000000081000000|  0%| F|  |TAMS 0x0000000080f00000, 0x0000000080f00000| Untracked 
|  16|0x0000000081000000, 0x0000000081000000, 0x0000000081100000|  0%| F|  |TAMS 0x0000000081000000, 0x0000000081000000| Untracked 
|  17|0x0000000081100000, 0x0000000081100000, 0x0000000081200000|  0%| F|  |TAMS 0x0000000081100000, 0x0000000081100000| Untracked 
|  18|0x0000000081200000, 0x0000000081200000, 0x0000000081300000|  0%| F|  |TAMS 0x0000000081200000, 0x0000000081200000| Untracked 
|  19|0x0000000081300000, 0x0000000081300000, 0x0000000081400000|  0%| F|  |TAMS 0x0000000081300000, 0x0000000081300000| Untracked 
|  20|0x0000000081400000, 0x0000000081400000, 0x0000000081500000|  0%| F|  |TAMS 0x0000000081400000, 0x0000000081400000| Untracked 
|  21|0x0000000081500000, 0x0000000081500000, 0x0000000081600000|  0%| F|  |TAMS 0x0000000081500000, 0x0000000081500000| Untracked 
|  22|0x0000000081600000, 0x0000000081600000, 0x0000000081700000|  0%| F|  |TAMS 0x0000000081600000, 0x0000000081600000| Untracked 
|  23|0x0000000081700000, 0x0000000081700000, 0x0000000081800000|  0%| F|  |TAMS 0x0000000081700000, 0x0000000081700000| Untracked 
|  24|0x0000000081800000, 0x0000000081800000, 0x0000000081900000|  0%| F|  |TAMS 0x0000000081800000, 0x0000000081800000| Untracked 
|  25|0x0000000081900000, 0x0000000081900000, 0x0000000081a00000|  0%| F|  |TAMS 0x0000000081900000, 0x0000000081900000| Untracked 
|  26|0x0000000081a00000, 0x0000000081a00000, 0x0000000081b00000|  0%| F|  |TAMS 0x0000000081a00000, 0x0000000081a00000| Untracked 
|  27|0x0000000081b00000, 0x0000000081b00000, 0x0000000081c00000|  0%| F|  |TAMS 0x0000000081b00000, 0x0000000081b00000| Untracked 
|  28|0x0000000081c00000, 0x0000000081c00000, 0x0000000081d00000|  0%| F|  |TAMS 0x0000000081c00000, 0x0000000081c00000| Untracked 
|  29|0x0000000081d00000, 0x0000000081d00000, 0x0000000081e00000|  0%| F|  |TAMS 0x0000000081d00000, 0x0000000081d00000| Untracked 
|  30|0x0000000081e00000, 0x0000000081e00000, 0x0000000081f00000|  0%| F|  |TAMS 0x0000000081e00000, 0x0000000081e00000| Untracked 
|  31|0x0000000081f00000, 0x0000000081f00000, 0x0000000082000000|  0%| F|  |TAMS 0x0000000081f00000, 0x0000000081f00000| Untracked 
|  32|0x0000000082000000, 0x0000000082000000, 0x0000000082100000|  0%| F|  |TAMS 0x0000000082000000, 0x0000000082000000| Untracked 
|  33|0x0000000082100000, 0x0000000082100000, 0x0000000082200000|  0%| F|  |TAMS 0x0000000082100000, 0x0000000082100000| Untracked 
|  34|0x0000000082200000, 0x0000000082200000, 0x0000000082300000|  0%| F|  |TAMS 0x0000000082200000, 0x0000000082200000| Untracked 
|  35|0x0000000082300000, 0x0000000082300000, 0x0000000082400000|  0%| F|  |TAMS 0x0000000082300000, 0x0000000082300000| Untracked 
|  36|0x0000000082400000, 0x0000000082400000, 0x0000000082500000|  0%| F|  |TAMS 0x0000000082400000, 0x0000000082400000| Untracked 
|  37|0x0000000082500000, 0x0000000082500000, 0x0000000082600000|  0%| F|  |TAMS 0x0000000082500000, 0x0000000082500000| Untracked 
|  38|0x0000000082600000, 0x0000000082600000, 0x0000000082700000|  0%| F|  |TAMS 0x0000000082600000, 0x0000000082600000| Untracked 
|  39|0x0000000082700000, 0x0000000082700000, 0x0000000082800000|  0%| F|  |TAMS 0x0000000082700000, 0x0000000082700000| Untracked 
|  40|0x0000000082800000, 0x0000000082800000, 0x0000000082900000|  0%| F|  |TAMS 0x0000000082800000, 0x0000000082800000| Untracked 
|  41|0x0000000082900000, 0x0000000082900000, 0x0000000082a00000|  0%| F|  |TAMS 0x0000000082900000, 0x0000000082900000| Untracked 
|  42|0x0000000082a00000, 0x0000000082a00000, 0x0000000082b00000|  0%| F|  |TAMS 0x0000000082a00000, 0x0000000082a00000| Untracked 
|  43|0x0000000082b00000, 0x0000000082b00000, 0x0000000082c00000|  0%| F|  |TAMS 0x0000000082b00000, 0x0000000082b00000| Untracked 
|  44|0x0000000082c00000, 0x0000000082c00000, 0x0000000082d00000|  0%| F|  |TAMS 0x0000000082c00000, 0x0000000082c00000| Untracked 
|  45|0x0000000082d00000, 0x0000000082d00000, 0x0000000082e00000|  0%| F|  |TAMS 0x0000000082d00000, 0x0000000082d00000| Untracked 
|  46|0x0000000082e00000, 0x0000000082e00000, 0x0000000082f00000|  0%| F|  |TAMS 0x0000000082e00000, 0x0000000082e00000| Untracked 
|  47|0x0000000082f00000, 0x0000000082f00000, 0x0000000083000000|  0%| F|  |TAMS 0x0000000082f00000, 0x0000000082f00000| Untracked 
|  48|0x0000000083000000, 0x0000000083000000, 0x0000000083100000|  0%| F|  |TAMS 0x0000000083000000, 0x0000000083000000| Untracked 
|  49|0x0000000083100000, 0x0000000083100000, 0x0000000083200000|  0%| F|  |TAMS 0x0000000083100000, 0x0000000083100000| Untracked 
|  50|0x0000000083200000, 0x0000000083200000, 0x0000000083300000|  0%| F|  |TAMS 0x0000000083200000, 0x0000000083200000| Untracked 
|  51|0x0000000083300000, 0x0000000083300000, 0x0000000083400000|  0%| F|  |TAMS 0x0000000083300000, 0x0000000083300000| Untracked 
|  52|0x0000000083400000, 0x0000000083400000, 0x0000000083500000|  0%| F|  |TAMS 0x0000000083400000, 0x0000000083400000| Untracked 
|  53|0x0000000083500000, 0x0000000083500000, 0x0000000083600000|  0%| F|  |TAMS 0x0000000083500000, 0x0000000083500000| Untracked 
|  54|0x0000000083600000, 0x0000000083600000, 0x0000000083700000|  0%| F|  |TAMS 0x0000000083600000, 0x0000000083600000| Untracked 
|  55|0x0000000083700000, 0x0000000083700000, 0x0000000083800000|  0%| F|  |TAMS 0x0000000083700000, 0x0000000083700000| Untracked 
|  56|0x0000000083800000, 0x0000000083800000, 0x0000000083900000|  0%| F|  |TAMS 0x0000000083800000, 0x0000000083800000| Untracked 
|  57|0x0000000083900000, 0x0000000083900000, 0x0000000083a00000|  0%| F|  |TAMS 0x0000000083900000, 0x0000000083900000| Untracked 
|  58|0x0000000083a00000, 0x0000000083a00000, 0x0000000083b00000|  0%| F|  |TAMS 0x0000000083a00000, 0x0000000083a00000| Untracked 
|  59|0x0000000083b00000, 0x0000000083b00000, 0x0000000083c00000|  0%| F|  |TAMS 0x0000000083b00000, 0x0000000083b00000| Untracked 
|  60|0x0000000083c00000, 0x0000000083c00000, 0x0000000083d00000|  0%| F|  |TAMS 0x0000000083c00000, 0x0000000083c00000| Untracked 
|  61|0x0000000083d00000, 0x0000000083d00000, 0x0000000083e00000|  0%| F|  |TAMS 0x0000000083d00000, 0x0000000083d00000| Untracked 
|  62|0x0000000083e00000, 0x0000000083e00000, 0x0000000083f00000|  0%| F|  |TAMS 0x0000000083e00000, 0x0000000083e00000| Untracked 
|  63|0x0000000083f00000, 0x0000000083f00000, 0x0000000084000000|  0%| F|  |TAMS 0x0000000083f00000, 0x0000000083f00000| Untracked 
|  64|0x0000000084000000, 0x0000000084000000, 0x0000000084100000|  0%| F|  |TAMS 0x0000000084000000, 0x0000000084000000| Untracked 
|  65|0x0000000084100000, 0x0000000084100000, 0x0000000084200000|  0%| F|  |TAMS 0x0000000084100000, 0x0000000084100000| Untracked 
|  66|0x0000000084200000, 0x0000000084200000, 0x0000000084300000|  0%| F|  |TAMS 0x0000000084200000, 0x0000000084200000| Untracked 
|  67|0x0000000084300000, 0x0000000084300000, 0x0000000084400000|  0%| F|  |TAMS 0x0000000084300000, 0x0000000084300000| Untracked 
|  68|0x0000000084400000, 0x0000000084400000, 0x0000000084500000|  0%| F|  |TAMS 0x0000000084400000, 0x0000000084400000| Untracked 
|  69|0x0000000084500000, 0x0000000084500000, 0x0000000084600000|  0%| F|  |TAMS 0x0000000084500000, 0x0000000084500000| Untracked 
|  70|0x0000000084600000, 0x0000000084600000, 0x0000000084700000|  0%| F|  |TAMS 0x0000000084600000, 0x0000000084600000| Untracked 
|  71|0x0000000084700000, 0x0000000084700000, 0x0000000084800000|  0%| F|  |TAMS 0x0000000084700000, 0x0000000084700000| Untracked 
|  72|0x0000000084800000, 0x0000000084800000, 0x0000000084900000|  0%| F|  |TAMS 0x0000000084800000, 0x0000000084800000| Untracked 
|  73|0x0000000084900000, 0x0000000084900000, 0x0000000084a00000|  0%| F|  |TAMS 0x0000000084900000, 0x0000000084900000| Untracked 
|  74|0x0000000084a00000, 0x0000000084a00000, 0x0000000084b00000|  0%| F|  |TAMS 0x0000000084a00000, 0x0000000084a00000| Untracked 
|  75|0x0000000084b00000, 0x0000000084b00000, 0x0000000084c00000|  0%| F|  |TAMS 0x0000000084b00000, 0x0000000084b00000| Untracked 
|  76|0x0000000084c00000, 0x0000000084c00000, 0x0000000084d00000|  0%| F|  |TAMS 0x0000000084c00000, 0x0000000084c00000| Untracked 
|  77|0x0000000084d00000, 0x0000000084d00000, 0x0000000084e00000|  0%| F|  |TAMS 0x0000000084d00000, 0x0000000084d00000| Untracked 
|  78|0x0000000084e00000, 0x0000000084e00000, 0x0000000084f00000|  0%| F|  |TAMS 0x0000000084e00000, 0x0000000084e00000| Untracked 
|  79|0x0000000084f00000, 0x0000000084f00000, 0x0000000085000000|  0%| F|  |TAMS 0x0000000084f00000, 0x0000000084f00000| Untracked 
|  80|0x0000000085000000, 0x0000000085000000, 0x0000000085100000|  0%| F|  |TAMS 0x0000000085000000, 0x0000000085000000| Untracked 
|  81|0x0000000085100000, 0x0000000085100000, 0x0000000085200000|  0%| F|  |TAMS 0x0000000085100000, 0x0000000085100000| Untracked 
|  82|0x0000000085200000, 0x0000000085200000, 0x0000000085300000|  0%| F|  |TAMS 0x0000000085200000, 0x0000000085200000| Untracked 
|  83|0x0000000085300000, 0x0000000085300000, 0x0000000085400000|  0%| F|  |TAMS 0x0000000085300000, 0x0000000085300000| Untracked 
|  84|0x0000000085400000, 0x0000000085400000, 0x0000000085500000|  0%| F|  |TAMS 0x0000000085400000, 0x0000000085400000| Untracked 
|  85|0x0000000085500000, 0x0000000085500000, 0x0000000085600000|  0%| F|  |TAMS 0x0000000085500000, 0x0000000085500000| Untracked 
|  86|0x0000000085600000, 0x0000000085600000, 0x0000000085700000|  0%| F|  |TAMS 0x0000000085600000, 0x0000000085600000| Untracked 
|  87|0x0000000085700000, 0x0000000085700000, 0x0000000085800000|  0%| F|  |TAMS 0x0000000085700000, 0x0000000085700000| Untracked 
|  88|0x0000000085800000, 0x0000000085800000, 0x0000000085900000|  0%| F|  |TAMS 0x0000000085800000, 0x0000000085800000| Untracked 
|  89|0x0000000085900000, 0x0000000085900000, 0x0000000085a00000|  0%| F|  |TAMS 0x0000000085900000, 0x0000000085900000| Untracked 
|  90|0x0000000085a00000, 0x0000000085a00000, 0x0000000085b00000|  0%| F|  |TAMS 0x0000000085a00000, 0x0000000085a00000| Untracked 
|  91|0x0000000085b00000, 0x0000000085b00000, 0x0000000085c00000|  0%| F|  |TAMS 0x0000000085b00000, 0x0000000085b00000| Untracked 
|  92|0x0000000085c00000, 0x0000000085c00000, 0x0000000085d00000|  0%| F|  |TAMS 0x0000000085c00000, 0x0000000085c00000| Untracked 
|  93|0x0000000085d00000, 0x0000000085d00000, 0x0000000085e00000|  0%| F|  |TAMS 0x0000000085d00000, 0x0000000085d00000| Untracked 
|  94|0x0000000085e00000, 0x0000000085e00000, 0x0000000085f00000|  0%| F|  |TAMS 0x0000000085e00000, 0x0000000085e00000| Untracked 
|  95|0x0000000085f00000, 0x0000000085f00000, 0x0000000086000000|  0%| F|  |TAMS 0x0000000085f00000, 0x0000000085f00000| Untracked 
|  96|0x0000000086000000, 0x0000000086000000, 0x0000000086100000|  0%| F|  |TAMS 0x0000000086000000, 0x0000000086000000| Untracked 
|  97|0x0000000086100000, 0x0000000086100000, 0x0000000086200000|  0%| F|  |TAMS 0x0000000086100000, 0x0000000086100000| Untracked 
|  98|0x0000000086200000, 0x0000000086200000, 0x0000000086300000|  0%| F|  |TAMS 0x0000000086200000, 0x0000000086200000| Untracked 
|  99|0x0000000086300000, 0x0000000086300000, 0x0000000086400000|  0%| F|  |TAMS 0x0000000086300000, 0x0000000086300000| Untracked 
| 100|0x0000000086400000, 0x0000000086400000, 0x0000000086500000|  0%| F|  |TAMS 0x0000000086400000, 0x0000000086400000| Untracked 
| 101|0x0000000086500000, 0x0000000086500000, 0x0000000086600000|  0%| F|  |TAMS 0x0000000086500000, 0x0000000086500000| Untracked 
| 102|0x0000000086600000, 0x0000000086600000, 0x0000000086700000|  0%| F|  |TAMS 0x0000000086600000, 0x0000000086600000| Untracked 
| 103|0x0000000086700000, 0x0000000086700000, 0x0000000086800000|  0%| F|  |TAMS 0x0000000086700000, 0x0000000086700000| Untracked 
| 104|0x0000000086800000, 0x0000000086800000, 0x0000000086900000|  0%| F|  |TAMS 0x0000000086800000, 0x0000000086800000| Untracked 
| 105|0x0000000086900000, 0x0000000086900000, 0x0000000086a00000|  0%| F|  |TAMS 0x0000000086900000, 0x0000000086900000| Untracked 
| 106|0x0000000086a00000, 0x0000000086a00000, 0x0000000086b00000|  0%| F|  |TAMS 0x0000000086a00000, 0x0000000086a00000| Untracked 
| 107|0x0000000086b00000, 0x0000000086b00000, 0x0000000086c00000|  0%| F|  |TAMS 0x0000000086b00000, 0x0000000086b00000| Untracked 
| 108|0x0000000086c00000, 0x0000000086c00000, 0x0000000086d00000|  0%| F|  |TAMS 0x0000000086c00000, 0x0000000086c00000| Untracked 
| 109|0x0000000086d00000, 0x0000000086d00000, 0x0000000086e00000|  0%| F|  |TAMS 0x0000000086d00000, 0x0000000086d00000| Untracked 
| 110|0x0000000086e00000, 0x0000000086e00000, 0x0000000086f00000|  0%| F|  |TAMS 0x0000000086e00000, 0x0000000086e00000| Untracked 
| 111|0x0000000086f00000, 0x0000000086f00000, 0x0000000087000000|  0%| F|  |TAMS 0x0000000086f00000, 0x0000000086f00000| Untracked 
| 112|0x0000000087000000, 0x0000000087000000, 0x0000000087100000|  0%| F|  |TAMS 0x0000000087000000, 0x0000000087000000| Untracked 
| 113|0x0000000087100000, 0x0000000087100000, 0x0000000087200000|  0%| F|  |TAMS 0x0000000087100000, 0x0000000087100000| Untracked 
| 114|0x0000000087200000, 0x0000000087200000, 0x0000000087300000|  0%| F|  |TAMS 0x0000000087200000, 0x0000000087200000| Untracked 
| 115|0x0000000087300000, 0x0000000087300000, 0x0000000087400000|  0%| F|  |TAMS 0x0000000087300000, 0x0000000087300000| Untracked 
| 116|0x0000000087400000, 0x0000000087400000, 0x0000000087500000|  0%| F|  |TAMS 0x0000000087400000, 0x0000000087400000| Untracked 
| 117|0x0000000087500000, 0x0000000087500000, 0x0000000087600000|  0%| F|  |TAMS 0x0000000087500000, 0x0000000087500000| Untracked 
| 118|0x0000000087600000, 0x0000000087600000, 0x0000000087700000|  0%| F|  |TAMS 0x0000000087600000, 0x0000000087600000| Untracked 
| 119|0x0000000087700000, 0x0000000087700000, 0x0000000087800000|  0%| F|  |TAMS 0x0000000087700000, 0x0000000087700000| Untracked 
| 120|0x0000000087800000, 0x0000000087800000, 0x0000000087900000|  0%| F|  |TAMS 0x0000000087800000, 0x0000000087800000| Untracked 
| 121|0x0000000087900000, 0x0000000087900000, 0x0000000087a00000|  0%| F|  |TAMS 0x0000000087900000, 0x0000000087900000| Untracked 
| 122|0x0000000087a00000, 0x0000000087a00000, 0x0000000087b00000|  0%| F|  |TAMS 0x0000000087a00000, 0x0000000087a00000| Untracked 
| 123|0x0000000087b00000, 0x0000000087b00000, 0x0000000087c00000|  0%| F|  |TAMS 0x0000000087b00000, 0x0000000087b00000| Untracked 
| 124|0x0000000087c00000, 0x0000000087c00000, 0x0000000087d00000|  0%| F|  |TAMS 0x0000000087c00000, 0x0000000087c00000| Untracked 
| 125|0x0000000087d00000, 0x0000000087d00000, 0x0000000087e00000|  0%| F|  |TAMS 0x0000000087d00000, 0x0000000087d00000| Untracked 
| 126|0x0000000087e00000, 0x0000000087e00000, 0x0000000087f00000|  0%| F|  |TAMS 0x0000000087e00000, 0x0000000087e00000| Untracked 
| 127|0x0000000087f00000, 0x0000000087f00000, 0x0000000088000000|  0%| F|  |TAMS 0x0000000087f00000, 0x0000000087f00000| Untracked 
| 128|0x0000000088000000, 0x0000000088000000, 0x0000000088100000|  0%| F|  |TAMS 0x0000000088000000, 0x0000000088000000| Untracked 
| 129|0x0000000088100000, 0x0000000088100000, 0x0000000088200000|  0%| F|  |TAMS 0x0000000088100000, 0x0000000088100000| Untracked 
| 130|0x0000000088200000, 0x0000000088200000, 0x0000000088300000|  0%| F|  |TAMS 0x0000000088200000, 0x0000000088200000| Untracked 
| 131|0x0000000088300000, 0x0000000088300000, 0x0000000088400000|  0%| F|  |TAMS 0x0000000088300000, 0x0000000088300000| Untracked 
| 132|0x0000000088400000, 0x0000000088400000, 0x0000000088500000|  0%| F|  |TAMS 0x0000000088400000, 0x0000000088400000| Untracked 
| 133|0x0000000088500000, 0x0000000088500000, 0x0000000088600000|  0%| F|  |TAMS 0x0000000088500000, 0x0000000088500000| Untracked 
| 134|0x0000000088600000, 0x0000000088600000, 0x0000000088700000|  0%| F|  |TAMS 0x0000000088600000, 0x0000000088600000| Untracked 
| 135|0x0000000088700000, 0x0000000088700000, 0x0000000088800000|  0%| F|  |TAMS 0x0000000088700000, 0x0000000088700000| Untracked 
| 136|0x0000000088800000, 0x0000000088800000, 0x0000000088900000|  0%| F|  |TAMS 0x0000000088800000, 0x0000000088800000| Untracked 
| 137|0x0000000088900000, 0x0000000088900000, 0x0000000088a00000|  0%| F|  |TAMS 0x0000000088900000, 0x0000000088900000| Untracked 
| 138|0x0000000088a00000, 0x0000000088a00000, 0x0000000088b00000|  0%| F|  |TAMS 0x0000000088a00000, 0x0000000088a00000| Untracked 
| 139|0x0000000088b00000, 0x0000000088b00000, 0x0000000088c00000|  0%| F|  |TAMS 0x0000000088b00000, 0x0000000088b00000| Untracked 
| 140|0x0000000088c00000, 0x0000000088c00000, 0x0000000088d00000|  0%| F|  |TAMS 0x0000000088c00000, 0x0000000088c00000| Untracked 
| 141|0x0000000088d00000, 0x0000000088d00000, 0x0000000088e00000|  0%| F|  |TAMS 0x0000000088d00000, 0x0000000088d00000| Untracked 
| 142|0x0000000088e00000, 0x0000000088e00000, 0x0000000088f00000|  0%| F|  |TAMS 0x0000000088e00000, 0x0000000088e00000| Untracked 
| 143|0x0000000088f00000, 0x0000000088f00000, 0x0000000089000000|  0%| F|  |TAMS 0x0000000088f00000, 0x0000000088f00000| Untracked 
| 144|0x0000000089000000, 0x0000000089000000, 0x0000000089100000|  0%| F|  |TAMS 0x0000000089000000, 0x0000000089000000| Untracked 
| 145|0x0000000089100000, 0x0000000089100000, 0x0000000089200000|  0%| F|  |TAMS 0x0000000089100000, 0x0000000089100000| Untracked 
| 146|0x0000000089200000, 0x0000000089200000, 0x0000000089300000|  0%| F|  |TAMS 0x0000000089200000, 0x0000000089200000| Untracked 
| 147|0x0000000089300000, 0x0000000089300000, 0x0000000089400000|  0%| F|  |TAMS 0x0000000089300000, 0x0000000089300000| Untracked 
| 148|0x0000000089400000, 0x0000000089400000, 0x0000000089500000|  0%| F|  |TAMS 0x0000000089400000, 0x0000000089400000| Untracked 
| 149|0x0000000089500000, 0x0000000089500000, 0x0000000089600000|  0%| F|  |TAMS 0x0000000089500000, 0x0000000089500000| Untracked 
| 150|0x0000000089600000, 0x0000000089600000, 0x0000000089700000|  0%| F|  |TAMS 0x0000000089600000, 0x0000000089600000| Untracked 
| 151|0x0000000089700000, 0x0000000089700000, 0x0000000089800000|  0%| F|  |TAMS 0x0000000089700000, 0x0000000089700000| Untracked 
| 152|0x0000000089800000, 0x0000000089800000, 0x0000000089900000|  0%| F|  |TAMS 0x0000000089800000, 0x0000000089800000| Untracked 
| 153|0x0000000089900000, 0x0000000089900000, 0x0000000089a00000|  0%| F|  |TAMS 0x0000000089900000, 0x0000000089900000| Untracked 
| 154|0x0000000089a00000, 0x0000000089a00000, 0x0000000089b00000|  0%| F|  |TAMS 0x0000000089a00000, 0x0000000089a00000| Untracked 
| 155|0x0000000089b00000, 0x0000000089b00000, 0x0000000089c00000|  0%| F|  |TAMS 0x0000000089b00000, 0x0000000089b00000| Untracked 
| 156|0x0000000089c00000, 0x0000000089c00000, 0x0000000089d00000|  0%| F|  |TAMS 0x0000000089c00000, 0x0000000089c00000| Untracked 
| 157|0x0000000089d00000, 0x0000000089d00000, 0x0000000089e00000|  0%| F|  |TAMS 0x0000000089d00000, 0x0000000089d00000| Untracked 
| 158|0x0000000089e00000, 0x0000000089e00000, 0x0000000089f00000|  0%| F|  |TAMS 0x0000000089e00000, 0x0000000089e00000| Untracked 
| 159|0x0000000089f00000, 0x0000000089f00000, 0x000000008a000000|  0%| F|  |TAMS 0x0000000089f00000, 0x0000000089f00000| Untracked 
| 160|0x000000008a000000, 0x000000008a000000, 0x000000008a100000|  0%| F|  |TAMS 0x000000008a000000, 0x000000008a000000| Untracked 
| 161|0x000000008a100000, 0x000000008a100000, 0x000000008a200000|  0%| F|  |TAMS 0x000000008a100000, 0x000000008a100000| Untracked 
| 162|0x000000008a200000, 0x000000008a200000, 0x000000008a300000|  0%| F|  |TAMS 0x000000008a200000, 0x000000008a200000| Untracked 
| 163|0x000000008a300000, 0x000000008a300000, 0x000000008a400000|  0%| F|  |TAMS 0x000000008a300000, 0x000000008a300000| Untracked 
| 164|0x000000008a400000, 0x000000008a400000, 0x000000008a500000|  0%| F|  |TAMS 0x000000008a400000, 0x000000008a400000| Untracked 
| 165|0x000000008a500000, 0x000000008a500000, 0x000000008a600000|  0%| F|  |TAMS 0x000000008a500000, 0x000000008a500000| Untracked 
| 166|0x000000008a600000, 0x000000008a600000, 0x000000008a700000|  0%| F|  |TAMS 0x000000008a600000, 0x000000008a600000| Untracked 
| 167|0x000000008a700000, 0x000000008a700000, 0x000000008a800000|  0%| F|  |TAMS 0x000000008a700000, 0x000000008a700000| Untracked 
| 168|0x000000008a800000, 0x000000008a800000, 0x000000008a900000|  0%| F|  |TAMS 0x000000008a800000, 0x000000008a800000| Untracked 
| 169|0x000000008a900000, 0x000000008a900000, 0x000000008aa00000|  0%| F|  |TAMS 0x000000008a900000, 0x000000008a900000| Untracked 
| 170|0x000000008aa00000, 0x000000008aa00000, 0x000000008ab00000|  0%| F|  |TAMS 0x000000008aa00000, 0x000000008aa00000| Untracked 
| 171|0x000000008ab00000, 0x000000008ab00000, 0x000000008ac00000|  0%| F|  |TAMS 0x000000008ab00000, 0x000000008ab00000| Untracked 
| 172|0x000000008ac00000, 0x000000008ac00000, 0x000000008ad00000|  0%| F|  |TAMS 0x000000008ac00000, 0x000000008ac00000| Untracked 
| 173|0x000000008ad00000, 0x000000008ad00000, 0x000000008ae00000|  0%| F|  |TAMS 0x000000008ad00000, 0x000000008ad00000| Untracked 
| 174|0x000000008ae00000, 0x000000008ae00000, 0x000000008af00000|  0%| F|  |TAMS 0x000000008ae00000, 0x000000008ae00000| Untracked 
| 175|0x000000008af00000, 0x000000008af00000, 0x000000008b000000|  0%| F|  |TAMS 0x000000008af00000, 0x000000008af00000| Untracked 
| 176|0x000000008b000000, 0x000000008b000000, 0x000000008b100000|  0%| F|  |TAMS 0x000000008b000000, 0x000000008b000000| Untracked 
| 177|0x000000008b100000, 0x000000008b100000, 0x000000008b200000|  0%| F|  |TAMS 0x000000008b100000, 0x000000008b100000| Untracked 
| 178|0x000000008b200000, 0x000000008b200000, 0x000000008b300000|  0%| F|  |TAMS 0x000000008b200000, 0x000000008b200000| Untracked 
| 179|0x000000008b300000, 0x000000008b300000, 0x000000008b400000|  0%| F|  |TAMS 0x000000008b300000, 0x000000008b300000| Untracked 
| 180|0x000000008b400000, 0x000000008b400000, 0x000000008b500000|  0%| F|  |TAMS 0x000000008b400000, 0x000000008b400000| Untracked 
| 181|0x000000008b500000, 0x000000008b500000, 0x000000008b600000|  0%| F|  |TAMS 0x000000008b500000, 0x000000008b500000| Untracked 
| 182|0x000000008b600000, 0x000000008b600000, 0x000000008b700000|  0%| F|  |TAMS 0x000000008b600000, 0x000000008b600000| Untracked 
| 183|0x000000008b700000, 0x000000008b700000, 0x000000008b800000|  0%| F|  |TAMS 0x000000008b700000, 0x000000008b700000| Untracked 
| 184|0x000000008b800000, 0x000000008b800000, 0x000000008b900000|  0%| F|  |TAMS 0x000000008b800000, 0x000000008b800000| Untracked 
| 185|0x000000008b900000, 0x000000008b900000, 0x000000008ba00000|  0%| F|  |TAMS 0x000000008b900000, 0x000000008b900000| Untracked 
| 186|0x000000008ba00000, 0x000000008ba00000, 0x000000008bb00000|  0%| F|  |TAMS 0x000000008ba00000, 0x000000008ba00000| Untracked 
| 187|0x000000008bb00000, 0x000000008bb00000, 0x000000008bc00000|  0%| F|  |TAMS 0x000000008bb00000, 0x000000008bb00000| Untracked 
| 188|0x000000008bc00000, 0x000000008bc00000, 0x000000008bd00000|  0%| F|  |TAMS 0x000000008bc00000, 0x000000008bc00000| Untracked 
| 189|0x000000008bd00000, 0x000000008bd00000, 0x000000008be00000|  0%| F|  |TAMS 0x000000008bd00000, 0x000000008bd00000| Untracked 
| 190|0x000000008be00000, 0x000000008be00000, 0x000000008bf00000|  0%| F|  |TAMS 0x000000008be00000, 0x000000008be00000| Untracked 
| 191|0x000000008bf00000, 0x000000008bf00000, 0x000000008c000000|  0%| F|  |TAMS 0x000000008bf00000, 0x000000008bf00000| Untracked 
| 192|0x000000008c000000, 0x000000008c000000, 0x000000008c100000|  0%| F|  |TAMS 0x000000008c000000, 0x000000008c000000| Untracked 
| 193|0x000000008c100000, 0x000000008c100000, 0x000000008c200000|  0%| F|  |TAMS 0x000000008c100000, 0x000000008c100000| Untracked 
| 194|0x000000008c200000, 0x000000008c200000, 0x000000008c300000|  0%| F|  |TAMS 0x000000008c200000, 0x000000008c200000| Untracked 
| 195|0x000000008c300000, 0x000000008c300000, 0x000000008c400000|  0%| F|  |TAMS 0x000000008c300000, 0x000000008c300000| Untracked 
| 196|0x000000008c400000, 0x000000008c400000, 0x000000008c500000|  0%| F|  |TAMS 0x000000008c400000, 0x000000008c400000| Untracked 
| 197|0x000000008c500000, 0x000000008c500000, 0x000000008c600000|  0%| F|  |TAMS 0x000000008c500000, 0x000000008c500000| Untracked 
| 198|0x000000008c600000, 0x000000008c600000, 0x000000008c700000|  0%| F|  |TAMS 0x000000008c600000, 0x000000008c600000| Untracked 
| 199|0x000000008c700000, 0x000000008c700000, 0x000000008c800000|  0%| F|  |TAMS 0x000000008c700000, 0x000000008c700000| Untracked 
| 200|0x000000008c800000, 0x000000008c800000, 0x000000008c900000|  0%| F|  |TAMS 0x000000008c800000, 0x000000008c800000| Untracked 
| 201|0x000000008c900000, 0x000000008c900000, 0x000000008ca00000|  0%| F|  |TAMS 0x000000008c900000, 0x000000008c900000| Untracked 
| 202|0x000000008ca00000, 0x000000008ca00000, 0x000000008cb00000|  0%| F|  |TAMS 0x000000008ca00000, 0x000000008ca00000| Untracked 
| 203|0x000000008cb00000, 0x000000008cb00000, 0x000000008cc00000|  0%| F|  |TAMS 0x000000008cb00000, 0x000000008cb00000| Untracked 
| 204|0x000000008cc00000, 0x000000008cc00000, 0x000000008cd00000|  0%| F|  |TAMS 0x000000008cc00000, 0x000000008cc00000| Untracked 
| 205|0x000000008cd00000, 0x000000008cd00000, 0x000000008ce00000|  0%| F|  |TAMS 0x000000008cd00000, 0x000000008cd00000| Untracked 
| 206|0x000000008ce00000, 0x000000008ce00000, 0x000000008cf00000|  0%| F|  |TAMS 0x000000008ce00000, 0x000000008ce00000| Untracked 
| 207|0x000000008cf00000, 0x000000008cf00000, 0x000000008d000000|  0%| F|  |TAMS 0x000000008cf00000, 0x000000008cf00000| Untracked 
| 208|0x000000008d000000, 0x000000008d000000, 0x000000008d100000|  0%| F|  |TAMS 0x000000008d000000, 0x000000008d000000| Untracked 
| 209|0x000000008d100000, 0x000000008d100000, 0x000000008d200000|  0%| F|  |TAMS 0x000000008d100000, 0x000000008d100000| Untracked 
| 210|0x000000008d200000, 0x000000008d200000, 0x000000008d300000|  0%| F|  |TAMS 0x000000008d200000, 0x000000008d200000| Untracked 
| 211|0x000000008d300000, 0x000000008d300000, 0x000000008d400000|  0%| F|  |TAMS 0x000000008d300000, 0x000000008d300000| Untracked 
| 212|0x000000008d400000, 0x000000008d400000, 0x000000008d500000|  0%| F|  |TAMS 0x000000008d400000, 0x000000008d400000| Untracked 
| 213|0x000000008d500000, 0x000000008d500000, 0x000000008d600000|  0%| F|  |TAMS 0x000000008d500000, 0x000000008d500000| Untracked 
| 214|0x000000008d600000, 0x000000008d600000, 0x000000008d700000|  0%| F|  |TAMS 0x000000008d600000, 0x000000008d600000| Untracked 
| 215|0x000000008d700000, 0x000000008d700000, 0x000000008d800000|  0%| F|  |TAMS 0x000000008d700000, 0x000000008d700000| Untracked 
| 216|0x000000008d800000, 0x000000008d800000, 0x000000008d900000|  0%| F|  |TAMS 0x000000008d800000, 0x000000008d800000| Untracked 
| 217|0x000000008d900000, 0x000000008d900000, 0x000000008da00000|  0%| F|  |TAMS 0x000000008d900000, 0x000000008d900000| Untracked 
| 218|0x000000008da00000, 0x000000008da00000, 0x000000008db00000|  0%| F|  |TAMS 0x000000008da00000, 0x000000008da00000| Untracked 
| 219|0x000000008db00000, 0x000000008db00000, 0x000000008dc00000|  0%| F|  |TAMS 0x000000008db00000, 0x000000008db00000| Untracked 
| 220|0x000000008dc00000, 0x000000008dc00000, 0x000000008dd00000|  0%| F|  |TAMS 0x000000008dc00000, 0x000000008dc00000| Untracked 
| 221|0x000000008dd00000, 0x000000008dd00000, 0x000000008de00000|  0%| F|  |TAMS 0x000000008dd00000, 0x000000008dd00000| Untracked 
| 222|0x000000008de00000, 0x000000008de00000, 0x000000008df00000|  0%| F|  |TAMS 0x000000008de00000, 0x000000008de00000| Untracked 
| 223|0x000000008df00000, 0x000000008df00000, 0x000000008e000000|  0%| F|  |TAMS 0x000000008df00000, 0x000000008df00000| Untracked 
| 224|0x000000008e000000, 0x000000008e000000, 0x000000008e100000|  0%| F|  |TAMS 0x000000008e000000, 0x000000008e000000| Untracked 
| 225|0x000000008e100000, 0x000000008e200000, 0x000000008e200000|100%| S|CS|TAMS 0x000000008e100000, 0x000000008e100000| Complete 
| 226|0x000000008e200000, 0x000000008e300000, 0x000000008e300000|100%| S|CS|TAMS 0x000000008e200000, 0x000000008e200000| Complete 
| 227|0x000000008e300000, 0x000000008e400000, 0x000000008e400000|100%| S|CS|TAMS 0x000000008e300000, 0x000000008e300000| Complete 
| 228|0x000000008e400000, 0x000000008e500000, 0x000000008e500000|100%| S|CS|TAMS 0x000000008e400000, 0x000000008e400000| Complete 
| 229|0x000000008e500000, 0x000000008e500000, 0x000000008e600000|  0%| F|  |TAMS 0x000000008e500000, 0x000000008e500000| Untracked 
| 230|0x000000008e600000, 0x000000008e600000, 0x000000008e700000|  0%| F|  |TAMS 0x000000008e600000, 0x000000008e600000| Untracked 
| 231|0x000000008e700000, 0x000000008e700000, 0x000000008e800000|  0%| F|  |TAMS 0x000000008e700000, 0x000000008e700000| Untracked 
| 232|0x000000008e800000, 0x000000008e800000, 0x000000008e900000|  0%| F|  |TAMS 0x000000008e800000, 0x000000008e800000| Untracked 
| 233|0x000000008e900000, 0x000000008e900000, 0x000000008ea00000|  0%| F|  |TAMS 0x000000008e900000, 0x000000008e900000| Untracked 
| 234|0x000000008ea00000, 0x000000008ea00000, 0x000000008eb00000|  0%| F|  |TAMS 0x000000008ea00000, 0x000000008ea00000| Untracked 
| 235|0x000000008eb00000, 0x000000008eb00000, 0x000000008ec00000|  0%| F|  |TAMS 0x000000008eb00000, 0x000000008eb00000| Untracked 
| 236|0x000000008ec00000, 0x000000008ec00000, 0x000000008ed00000|  0%| F|  |TAMS 0x000000008ec00000, 0x000000008ec00000| Untracked 
| 237|0x000000008ed00000, 0x000000008ed00000, 0x000000008ee00000|  0%| F|  |TAMS 0x000000008ed00000, 0x000000008ed00000| Untracked 
| 238|0x000000008ee00000, 0x000000008ee00000, 0x000000008ef00000|  0%| F|  |TAMS 0x000000008ee00000, 0x000000008ee00000| Untracked 
| 239|0x000000008ef00000, 0x000000008ef00000, 0x000000008f000000|  0%| F|  |TAMS 0x000000008ef00000, 0x000000008ef00000| Untracked 
| 240|0x000000008f000000, 0x000000008f000000, 0x000000008f100000|  0%| F|  |TAMS 0x000000008f000000, 0x000000008f000000| Untracked 
| 241|0x000000008f100000, 0x000000008f100000, 0x000000008f200000|  0%| F|  |TAMS 0x000000008f100000, 0x000000008f100000| Untracked 
| 242|0x000000008f200000, 0x000000008f200000, 0x000000008f300000|  0%| F|  |TAMS 0x000000008f200000, 0x000000008f200000| Untracked 
| 243|0x000000008f300000, 0x000000008f300000, 0x000000008f400000|  0%| F|  |TAMS 0x000000008f300000, 0x000000008f300000| Untracked 
| 244|0x000000008f400000, 0x000000008f4812f8, 0x000000008f500000| 50%| E|  |TAMS 0x000000008f400000, 0x000000008f400000| Complete 
| 245|0x000000008f500000, 0x000000008f600000, 0x000000008f600000|100%| E|CS|TAMS 0x000000008f500000, 0x000000008f500000| Complete 
| 246|0x000000008f600000, 0x000000008f700000, 0x000000008f700000|100%| E|CS|TAMS 0x000000008f600000, 0x000000008f600000| Complete 
| 247|0x000000008f700000, 0x000000008f800000, 0x000000008f800000|100%| E|CS|TAMS 0x000000008f700000, 0x000000008f700000| Complete 
| 248|0x000000008f800000, 0x000000008f900000, 0x000000008f900000|100%| E|CS|TAMS 0x000000008f800000, 0x000000008f800000| Complete 
| 249|0x000000008f900000, 0x000000008fa00000, 0x000000008fa00000|100%| E|CS|TAMS 0x000000008f900000, 0x000000008f900000| Complete 
| 250|0x000000008fa00000, 0x000000008fb00000, 0x000000008fb00000|100%| E|CS|TAMS 0x000000008fa00000, 0x000000008fa00000| Complete 
| 251|0x000000008fb00000, 0x000000008fc00000, 0x000000008fc00000|100%| E|CS|TAMS 0x000000008fb00000, 0x000000008fb00000| Complete 
| 252|0x000000008fc00000, 0x000000008fd00000, 0x000000008fd00000|100%| E|CS|TAMS 0x000000008fc00000, 0x000000008fc00000| Complete 
| 253|0x000000008fd00000, 0x000000008fe00000, 0x000000008fe00000|100%| E|CS|TAMS 0x000000008fd00000, 0x000000008fd00000| Complete 
| 254|0x000000008fe00000, 0x000000008ff00000, 0x000000008ff00000|100%| E|CS|TAMS 0x000000008fe00000, 0x000000008fe00000| Complete 
| 255|0x000000008ff00000, 0x0000000090000000, 0x0000000090000000|100%| E|CS|TAMS 0x000000008ff00000, 0x000000008ff00000| Complete 

Card table byte_map: [0x000001904c4b0000,0x000001904c8b0000] _byte_map_base: 0x000001904c0b0000

Marking Bits (Prev, Next): (CMBitMap*) 0x00000190395584c0, (CMBitMap*) 0x0000019039558480
 Prev Bits: [0x000001904ecb0000, 0x0000019050cb0000)
 Next Bits: [0x000001904ccb0000, 0x000001904ecb0000)

Polling page: 0x00000190374d0000

Metaspace:

Usage:
  Non-class:     20.03 MB used.
      Class:      2.15 MB used.
       Both:     22.18 MB used.

Virtual space:
  Non-class space:       64.00 MB reserved,      20.31 MB ( 32%) committed,  1 nodes.
      Class space:        1.00 GB reserved,       2.38 MB ( <1%) committed,  1 nodes.
             Both:        1.06 GB reserved,      22.69 MB (  2%) committed. 

Chunk freelists:
   Non-Class:  11.73 MB
       Class:  13.46 MB
        Both:  25.20 MB

MaxMetaspaceSize: unlimited
CompressedClassSpaceSize: 1.00 GB
Initial GC threshold: 21.00 MB
Current GC threshold: 35.25 MB
CDS: off
MetaspaceReclaimPolicy: balanced
 - commit_granule_bytes: 65536.
 - commit_granule_words: 8192.
 - virtual_space_node_default_size: 8388608.
 - enlarge_chunks_in_place: 1.
 - new_chunks_are_fully_committed: 0.
 - uncommit_free_chunks: 1.
 - use_allocation_guard: 0.
 - handle_deallocations: 1.


Internal statistics:

num_allocs_failed_limit: 3.
num_arena_births: 178.
num_arena_deaths: 0.
num_vsnodes_births: 2.
num_vsnodes_deaths: 0.
num_space_committed: 363.
num_space_uncommitted: 0.
num_chunks_returned_to_freelist: 3.
num_chunks_taken_from_freelist: 703.
num_chunk_merges: 3.
num_chunk_splits: 453.
num_chunks_enlarged: 300.
num_inconsistent_stats: 0.

CodeHeap 'non-profiled nmethods': size=120000Kb used=1042Kb max_used=1042Kb free=118957Kb
 bounds [0x0000019044630000, 0x00000190448a0000, 0x000001904bb60000]
CodeHeap 'profiled nmethods': size=120000Kb used=5544Kb max_used=5544Kb free=114455Kb
 bounds [0x000001903cb60000, 0x000001903d0d0000, 0x0000019044090000]
CodeHeap 'non-nmethods': size=5760Kb used=1201Kb max_used=1233Kb free=4558Kb
 bounds [0x0000019044090000, 0x0000019044300000, 0x0000019044630000]
 total_blobs=3181 nmethods=2681 adapters=412
 compilation: enabled
              stopped_count=0, restarted_count=0
 full_count=0

Compilation events (20 events):
Event: 6.622 Thread 0x0000019053aab360 2672       3       java.util.stream.ReferencePipeline::iterator (8 bytes)
Event: 6.623 Thread 0x0000019053aab360 nmethod 2672 0x000001903d0bdb90 code [0x000001903d0bdd60, 0x000001903d0be238]
Event: 6.623 Thread 0x0000019053aab360 2677  s!   3       jdk.internal.loader.URLClassPath::getLoader (194 bytes)
Event: 6.623 Thread 0x0000019053aab360 nmethod 2677 0x000001903d0be410 code [0x000001903d0be700, 0x000001903d0bf9a8]
Event: 6.623 Thread 0x0000019053aab360 2676       3       java.util.ServiceLoader$ModuleServicesLookupIterator::iteratorFor (191 bytes)
Event: 6.625 Thread 0x0000019053aab360 nmethod 2676 0x000001903d0c0110 code [0x000001903d0c0740, 0x000001903d0c4168]
Event: 6.625 Thread 0x0000019053aab360 2681       3       java.util.HashMap::clear (50 bytes)
Event: 6.626 Thread 0x0000019053aab360 nmethod 2681 0x000001903d0c5610 code [0x000001903d0c57c0, 0x000001903d0c5b78]
Event: 6.626 Thread 0x0000019053aab360 2684       3       com.sun.org.apache.xerces.internal.parsers.AbstractSAXParser::startNamespaceMapping (77 bytes)
Event: 6.626 Thread 0x0000019053aab360 nmethod 2684 0x000001903d0c5c90 code [0x000001903d0c5e80, 0x000001903d0c6488]
Event: 6.626 Thread 0x0000019053aab360 2686       3       org.apache.felix.scr.impl.xml.XmlHandler::endElement (347 bytes)
Event: 6.627 Thread 0x0000019053aa0050 nmethod 2669 0x0000019044732d10 code [0x0000019044732ec0, 0x0000019044733588]
Event: 6.627 Thread 0x0000019053aa0050 2670       4       java.util.Locale::getDefault (4 bytes)
Event: 6.627 Thread 0x0000019053aa0050 nmethod 2670 0x0000019044733a10 code [0x0000019044733b80, 0x0000019044733bf8]
Event: 6.627 Thread 0x0000019053aa0050 2682       4       com.sun.org.apache.xerces.internal.xni.QName::setValues (33 bytes)
Event: 6.627 Thread 0x0000019053aab360 nmethod 2686 0x000001903d0c6810 code [0x000001903d0c6cc0, 0x000001903d0c8f88]
Event: 6.627 Thread 0x0000019053aab360 2687       3       com.sun.org.apache.xerces.internal.parsers.AbstractSAXParser::endNamespaceMapping (47 bytes)
Event: 6.628 Thread 0x0000019053aab360 nmethod 2687 0x000001903d0c9990 code [0x000001903d0c9b60, 0x000001903d0ca038]
Event: 6.628 Thread 0x0000019053aab360 2685   !   3       org.apache.felix.scr.impl.xml.XmlHandler::startElement (1900 bytes)
Event: 6.629 Thread 0x0000019053aa0050 nmethod 2682 0x0000019044733d10 code [0x0000019044733e80, 0x0000019044734258]

GC Heap History (6 events):
Event: 0.568 GC heap before
{Heap before GC invocations=0 (full 0):
 garbage-first heap   total 262144K, used 23552K [0x0000000080000000, 0x0000000100000000)
  region size 1024K, 23 young (23552K), 0 survivors (0K)
 Metaspace       used 12740K, committed 12928K, reserved 1114112K
  class space    used 1145K, committed 1216K, reserved 1048576K
}
Event: 0.574 GC heap after
{Heap after GC invocations=1 (full 0):
 garbage-first heap   total 262144K, used 7701K [0x0000000080000000, 0x0000000100000000)
  region size 1024K, 3 young (3072K), 3 survivors (3072K)
 Metaspace       used 12740K, committed 12928K, reserved 1114112K
  class space    used 1145K, committed 1216K, reserved 1048576K
}
Event: 1.402 GC heap before
{Heap before GC invocations=1 (full 0):
 garbage-first heap   total 262144K, used 17941K [0x0000000080000000, 0x0000000100000000)
  region size 1024K, 13 young (13312K), 3 survivors (3072K)
 Metaspace       used 14510K, committed 14656K, reserved 1114112K
  class space    used 1324K, committed 1408K, reserved 1048576K
}
Event: 1.408 GC heap after
{Heap after GC invocations=2 (full 0):
 garbage-first heap   total 262144K, used 10695K [0x0000000080000000, 0x0000000100000000)
  region size 1024K, 2 young (2048K), 2 survivors (2048K)
 Metaspace       used 14510K, committed 14656K, reserved 1114112K
  class space    used 1324K, committed 1408K, reserved 1048576K
}
Event: 5.210 GC heap before
{Heap before GC invocations=2 (full 0):
 garbage-first heap   total 262144K, used 35271K [0x0000000080000000, 0x0000000100000000)
  region size 1024K, 27 young (27648K), 2 survivors (2048K)
 Metaspace       used 21068K, committed 21504K, reserved 1114112K
  class space    used 2032K, committed 2240K, reserved 1048576K
}
Event: 5.215 GC heap after
{Heap after GC invocations=3 (full 0):
 garbage-first heap   total 262144K, used 14232K [0x0000000080000000, 0x0000000100000000)
  region size 1024K, 4 young (4096K), 4 survivors (4096K)
 Metaspace       used 21068K, committed 21504K, reserved 1114112K
  class space    used 2032K, committed 2240K, reserved 1048576K
}

Dll operation events (6 events):
Event: 0.009 Loaded shared library C:\Users\Bryan Reamillo\Downloads\eclipse-java-2023-06-R-win32-x86_64\eclipse\plugins\org.eclipse.justj.openjdk.hotspot.jre.full.win32.x86_64_17.0.7.v20230425-1502\jre\bin\java.dll
Event: 0.128 Loaded shared library C:\Users\Bryan Reamillo\Downloads\eclipse-java-2023-06-R-win32-x86_64\eclipse\plugins\org.eclipse.justj.openjdk.hotspot.jre.full.win32.x86_64_17.0.7.v20230425-1502\jre\bin\net.dll
Event: 0.129 Loaded shared library C:\Users\Bryan Reamillo\Downloads\eclipse-java-2023-06-R-win32-x86_64\eclipse\plugins\org.eclipse.justj.openjdk.hotspot.jre.full.win32.x86_64_17.0.7.v20230425-1502\jre\bin\nio.dll
Event: 0.137 Loaded shared library C:\Users\Bryan Reamillo\Downloads\eclipse-java-2023-06-R-win32-x86_64\eclipse\plugins\org.eclipse.justj.openjdk.hotspot.jre.full.win32.x86_64_17.0.7.v20230425-1502\jre\bin\zip.dll
Event: 0.202 Loaded shared library C:\Users\Bryan Reamillo\Downloads\eclipse-java-2023-06-R-win32-x86_64\eclipse\plugins\org.eclipse.justj.openjdk.hotspot.jre.full.win32.x86_64_17.0.7.v20230425-1502\jre\bin\jimage.dll
Event: 4.655 Loaded shared library C:\Users\Bryan Reamillo\Downloads\eclipse-java-2023-06-R-win32-x86_64\eclipse\plugins\org.eclipse.justj.openjdk.hotspot.jre.full.win32.x86_64_17.0.7.v20230425-1502\jre\bin\verify.dll

Deoptimization events (20 events):
Event: 5.606 Thread 0x0000019058b25c30 Uncommon trap: trap_request=0xffffff45 fr.pc=0x0000019044728568 relative=0x00000000000000e8
Event: 5.606 Thread 0x0000019058b25c30 Uncommon trap: reason=unstable_if action=reinterpret pc=0x0000019044728568 method=java.util.concurrent.locks.ReentrantReadWriteLock$Sync.tryReleaseShared(I)Z @ 9 c2
Event: 5.606 Thread 0x0000019058bca880 Uncommon trap: trap_request=0xffffff45 fr.pc=0x0000019044728568 relative=0x00000000000000e8
Event: 5.606 Thread 0x0000019058b25c30 DEOPT PACKING pc=0x0000019044728568 sp=0x0000006095efabf0
Event: 5.606 Thread 0x0000019058bca880 Uncommon trap: reason=unstable_if action=reinterpret pc=0x0000019044728568 method=java.util.concurrent.locks.ReentrantReadWriteLock$Sync.tryReleaseShared(I)Z @ 9 c2
Event: 5.606 Thread 0x0000019058b25c30 DEOPT UNPACKING pc=0x00000190440e69a3 sp=0x0000006095efab90 mode 2
Event: 5.606 Thread 0x0000019058bca880 DEOPT PACKING pc=0x0000019044728568 sp=0x0000006095ffcf60
Event: 5.606 Thread 0x0000019058b25c30 Uncommon trap: trap_request=0xffffff45 fr.pc=0x000001904471ba88 relative=0x0000000000000208
Event: 5.606 Thread 0x0000019058b25c30 Uncommon trap: reason=unstable_if action=reinterpret pc=0x000001904471ba88 method=java.util.concurrent.locks.ReentrantReadWriteLock$Sync.tryAcquireShared(I)I @ 81 c2
Event: 5.606 Thread 0x0000019058b25c30 DEOPT PACKING pc=0x000001904471ba88 sp=0x0000006095efab60
Event: 5.606 Thread 0x0000019058bca880 DEOPT UNPACKING pc=0x00000190440e69a3 sp=0x0000006095ffcf00 mode 2
Event: 5.606 Thread 0x0000019058b25c30 DEOPT UNPACKING pc=0x00000190440e69a3 sp=0x0000006095efab08 mode 2
Event: 5.795 Thread 0x0000019058bca880 Uncommon trap: trap_request=0xffffff45 fr.pc=0x0000019044674ba8 relative=0x00000000000016e8
Event: 5.795 Thread 0x0000019058bca880 Uncommon trap: reason=unstable_if action=reinterpret pc=0x0000019044674ba8 method=java.lang.String.<init>([BIILjava/nio/charset/Charset;)V @ 18 c2
Event: 5.795 Thread 0x0000019058bca880 DEOPT PACKING pc=0x0000019044674ba8 sp=0x0000006095ffc550
Event: 5.795 Thread 0x0000019058bca880 DEOPT UNPACKING pc=0x00000190440e69a3 sp=0x0000006095ffc510 mode 2
Event: 5.797 Thread 0x0000019058bca880 Uncommon trap: trap_request=0xffffffc6 fr.pc=0x0000019044715f0c relative=0x00000000000002cc
Event: 5.797 Thread 0x0000019058bca880 Uncommon trap: reason=bimorphic_or_optimized_type_check action=maybe_recompile pc=0x0000019044715f0c method=java.util.Collections$UnmodifiableCollection$1.<init>(Ljava/util/Collections$UnmodifiableCollection;)V @ 17 c2
Event: 5.797 Thread 0x0000019058bca880 DEOPT PACKING pc=0x0000019044715f0c sp=0x0000006095ffc8a0
Event: 5.797 Thread 0x0000019058bca880 DEOPT UNPACKING pc=0x00000190440e69a3 sp=0x0000006095ffc7f8 mode 2

Classes unloaded (0 events):
No events

Classes redefined (0 events):
No events

Internal exceptions (20 events):
Event: 0.418 Thread 0x000001903951cbf0 Exception <a 'java/lang/NoSuchMethodError'{0x000000008f2471e8}: 'int java.lang.invoke.DirectMethodHandle$Holder.invokeStaticInit(java.lang.Object, java.lang.Object, java.lang.Object, java.lang.Object)'> (0x000000008f2471e8) 
thrown [s\src\hotspot\share\interpreter\linkResolver.cpp, line 759]
Event: 0.420 Thread 0x000001903951cbf0 Exception <a 'java/lang/NoSuchMethodError'{0x000000008f251858}: 'java.lang.Object java.lang.invoke.DirectMethodHandle$Holder.invokeInterface(java.lang.Object, java.lang.Object)'> (0x000000008f251858) 
thrown [s\src\hotspot\share\interpreter\linkResolver.cpp, line 759]
Event: 0.420 Thread 0x000001903951cbf0 Exception <a 'java/lang/IncompatibleClassChangeError'{0x000000008f255050}: Found class java.lang.Object, but interface was expected> (0x000000008f255050) 
thrown [s\src\hotspot\share\interpreter\linkResolver.cpp, line 826]
Event: 0.421 Thread 0x000001903951cbf0 Exception <a 'java/lang/NoSuchMethodError'{0x000000008f257f70}: 'void java.lang.invoke.DirectMethodHandle$Holder.invokeStatic(java.lang.Object, java.lang.Object)'> (0x000000008f257f70) 
thrown [s\src\hotspot\share\interpreter\linkResolver.cpp, line 759]
Event: 0.421 Thread 0x000001903951cbf0 Exception <a 'java/lang/NoSuchMethodError'{0x000000008f25b770}: 'void java.lang.invoke.DirectMethodHandle$Holder.invokeStaticInit(java.lang.Object, java.lang.Object)'> (0x000000008f25b770) 
thrown [s\src\hotspot\share\interpreter\linkResolver.cpp, line 759]
Event: 0.422 Thread 0x000001903951cbf0 Exception <a 'java/lang/NoSuchMethodError'{0x000000008f2617d0}: 'int java.lang.invoke.DirectMethodHandle$Holder.invokeStaticInit(java.lang.Object, java.lang.Object)'> (0x000000008f2617d0) 
thrown [s\src\hotspot\share\interpreter\linkResolver.cpp, line 759]
Event: 0.489 Thread 0x000001903951cbf0 Exception <a 'java/lang/NoSuchMethodError'{0x000000008f022360}: 'void java.lang.invoke.DirectMethodHandle$Holder.invokeSpecial(java.lang.Object, java.lang.Object, java.lang.Object)'> (0x000000008f022360) 
thrown [s\src\hotspot\share\interpreter\linkResolver.cpp, line 759]
Event: 0.771 Thread 0x000001903951cbf0 Exception <a 'java/lang/NoSuchMethodError'{0x000000008f9a3da8}: 'java.lang.Object java.lang.invoke.DirectMethodHandle$Holder.newInvokeSpecial(java.lang.Object, int, java.lang.Object)'> (0x000000008f9a3da8) 
thrown [s\src\hotspot\share\interpreter\linkResolver.cpp, line 759]
Event: 1.411 Thread 0x000001903951cbf0 Exception <a 'java/lang/NoSuchMethodError'{0x000000008ff05d48}: 'java.lang.Object java.lang.invoke.Invokers$Holder.invokeExact_MT(java.lang.Object, java.lang.Object, java.lang.Object, java.lang.Object, java.lang.Object, java.lang.Object)'> (0x000000008ff05d48) 
thrown [s\src\hotspot\share\interpreter\linkResolver.cpp, line 759]
Event: 1.544 Thread 0x0000019058bca880 Exception <a 'java/lang/NoSuchMethodError'{0x000000008f8d2ac0}: 'java.lang.Object java.lang.invoke.DirectMethodHandle$Holder.invokeStaticInit(java.lang.Object)'> (0x000000008f8d2ac0) 
thrown [s\src\hotspot\share\interpreter\linkResolver.cpp, line 759]
Event: 2.342 Thread 0x0000019058bca880 Exception <a 'java/io/FileNotFoundException'{0x000000008f2feed0}> (0x000000008f2feed0) 
thrown [s\src\hotspot\share\prims\jni.cpp, line 516]
Event: 5.132 Thread 0x0000019058bca880 Exception <a 'java/lang/NoSuchMethodError'{0x000000008e66a9e8}: 'void java.lang.invoke.DirectMethodHandle$Holder.invokeStaticInit(java.lang.Object)'> (0x000000008e66a9e8) 
thrown [s\src\hotspot\share\interpreter\linkResolver.cpp, line 759]
Event: 5.155 Thread 0x0000019058bca880 Exception <a 'java/io/IOException'{0x000000008e6c9368}> (0x000000008e6c9368) 
thrown [s\src\hotspot\share\prims\jni.cpp, line 516]
Event: 5.155 Thread 0x0000019058bca880 Exception <a 'java/io/IOException'{0x000000008e6c9ef8}> (0x000000008e6c9ef8) 
thrown [s\src\hotspot\share\prims\jni.cpp, line 516]
Event: 5.155 Thread 0x0000019058bca880 Exception <a 'java/io/IOException'{0x000000008e6cab88}> (0x000000008e6cab88) 
thrown [s\src\hotspot\share\prims\jni.cpp, line 516]
Event: 5.155 Thread 0x0000019058bca880 Exception <a 'java/io/IOException'{0x000000008e6cb690}> (0x000000008e6cb690) 
thrown [s\src\hotspot\share\prims\jni.cpp, line 516]
Event: 5.155 Thread 0x0000019058bca880 Exception <a 'java/io/IOException'{0x000000008e6cc350}> (0x000000008e6cc350) 
thrown [s\src\hotspot\share\prims\jni.cpp, line 516]
Event: 5.156 Thread 0x0000019058bca880 Exception <a 'java/io/IOException'{0x000000008e6cce58}> (0x000000008e6cce58) 
thrown [s\src\hotspot\share\prims\jni.cpp, line 516]
Event: 5.218 Thread 0x0000019058bca880 Exception <a 'java/lang/NoSuchMethodError'{0x000000008ff199b0}: 'void java.lang.invoke.DirectMethodHandle$Holder.invokeInterface(java.lang.Object, java.lang.Object, java.lang.Object)'> (0x000000008ff199b0) 
thrown [s\src\hotspot\share\interpreter\linkResolver.cpp, line 759]
Event: 5.231 Thread 0x0000019058bca880 Exception <a 'java/io/FileNotFoundException'{0x000000008ff6ffc0}> (0x000000008ff6ffc0) 
thrown [s\src\hotspot\share\prims\jni.cpp, line 516]

VM Operations (20 events):
Event: 4.748 Executing VM operation: Cleanup
Event: 4.748 Executing VM operation: Cleanup done
Event: 4.798 Executing VM operation: HandshakeAllThreads
Event: 4.798 Executing VM operation: HandshakeAllThreads done
Event: 4.818 Executing VM operation: HandshakeAllThreads
Event: 4.818 Executing VM operation: HandshakeAllThreads done
Event: 5.150 Executing VM operation: HandshakeAllThreads
Event: 5.150 Executing VM operation: HandshakeAllThreads done
Event: 5.154 Executing VM operation: HandshakeAllThreads
Event: 5.154 Executing VM operation: HandshakeAllThreads done
Event: 5.157 Executing VM operation: HandshakeAllThreads
Event: 5.157 Executing VM operation: HandshakeAllThreads done
Event: 5.210 Executing VM operation: CollectForMetadataAllocation
Event: 5.215 Executing VM operation: CollectForMetadataAllocation done
Event: 5.222 Executing VM operation: G1Concurrent
Event: 5.224 Executing VM operation: G1Concurrent done
Event: 5.226 Executing VM operation: G1Concurrent
Event: 5.226 Executing VM operation: G1Concurrent done
Event: 6.236 Executing VM operation: Cleanup
Event: 6.236 Executing VM operation: Cleanup done

Events (20 events):
Event: 5.419 loading class jdk/internal/icu/impl/Trie2 done
Event: 5.419 loading class jdk/internal/icu/impl/Trie2_16 done
Event: 5.419 loading class jdk/internal/icu/impl/Trie2$1
Event: 5.419 loading class jdk/internal/icu/impl/Trie2$ValueMapper
Event: 5.419 loading class jdk/internal/icu/impl/Trie2$ValueMapper done
Event: 5.419 loading class jdk/internal/icu/impl/Trie2$1 done
Event: 5.419 loading class jdk/internal/icu/impl/Trie2$UTrie2Header
Event: 5.419 loading class jdk/internal/icu/impl/Trie2$UTrie2Header done
Event: 5.420 Thread 0x0000019058a9d7b0 Thread added: 0x0000019058a9d7b0
Event: 5.603 Thread 0x0000019058a9d7b0 Thread exited: 0x0000019058a9d7b0
Event: 5.606 loading class java/util/concurrent/locks/ReentrantReadWriteLock$Sync$HoldCounter
Event: 5.606 loading class java/util/concurrent/locks/ReentrantReadWriteLock$Sync$HoldCounter done
Event: 5.614 loading class java/io/StringReader
Event: 5.614 loading class java/io/StringReader done
Event: 5.793 loading class java/lang/Process
Event: 5.793 loading class java/lang/Process done
Event: 5.796 loading class sun/util/PropertyResourceBundleCharset
Event: 5.796 loading class sun/util/PropertyResourceBundleCharset done
Event: 5.796 loading class sun/util/PropertyResourceBundleCharset$PropertiesFileDecoder
Event: 5.796 loading class sun/util/PropertyResourceBundleCharset$PropertiesFileDecoder done


Dynamic libraries:
0x00007ff7e6250000 - 0x00007ff7e62d4000 	C:\Users\Bryan Reamillo\Downloads\eclipse-java-2023-06-R-win32-x86_64\eclipse\eclipse.exe
0x00007ffd9d6d0000 - 0x00007ffd9d8e7000 	C:\WINDOWS\SYSTEM32\ntdll.dll
0x00007ffd9b860000 - 0x00007ffd9b924000 	C:\WINDOWS\System32\KERNEL32.DLL
0x00007ffd9aea0000 - 0x00007ffd9b25a000 	C:\WINDOWS\System32\KERNELBASE.dll
0x00007ffd9c2b0000 - 0x00007ffd9c45e000 	C:\WINDOWS\System32\USER32.dll
0x00007ffd9abe0000 - 0x00007ffd9ac06000 	C:\WINDOWS\System32\win32u.dll
0x00007ffd9c280000 - 0x00007ffd9c2a9000 	C:\WINDOWS\System32\GDI32.dll
0x00007ffd9ad80000 - 0x00007ffd9ae9b000 	C:\WINDOWS\System32\gdi32full.dll
0x00007ffd9aac0000 - 0x00007ffd9ab5a000 	C:\WINDOWS\System32\msvcp_win.dll
0x00007ffd9a9a0000 - 0x00007ffd9aab1000 	C:\WINDOWS\System32\ucrtbase.dll
0x00007ffd84a50000 - 0x00007ffd84ce2000 	C:\WINDOWS\WinSxS\amd64_microsoft.windows.common-controls_6595b64144ccf1df_6.0.22621.4541_none_2710d1c57384c085\COMCTL32.dll
0x00007ffd9b3d0000 - 0x00007ffd9b477000 	C:\WINDOWS\System32\msvcrt.dll
0x00007ffd9c230000 - 0x00007ffd9c261000 	C:\WINDOWS\System32\IMM32.DLL
0x00007ffd6bf90000 - 0x00007ffd6bfce000 	C:\Users\Bryan Reamillo\Downloads\eclipse-java-2023-06-R-win32-x86_64\eclipse\plugins\org.eclipse.equinox.launcher.win32.win32.x86_64_1.2.700.v20221108-1024\eclipse_11801.dll
0x00007ffd9bd70000 - 0x00007ffd9be22000 	C:\WINDOWS\System32\ADVAPI32.dll
0x00007ffd9cce0000 - 0x00007ffd9cd87000 	C:\WINDOWS\System32\sechost.dll
0x00007ffd9ac10000 - 0x00007ffd9ac38000 	C:\WINDOWS\System32\bcrypt.dll
0x00007ffd9baf0000 - 0x00007ffd9bc04000 	C:\WINDOWS\System32\RPCRT4.dll
0x00007ffd9b6b0000 - 0x00007ffd9b855000 	C:\WINDOWS\System32\ole32.dll
0x00007ffd9ce70000 - 0x00007ffd9d1ff000 	C:\WINDOWS\System32\combase.dll
0x00007ffd92a10000 - 0x00007ffd92a1a000 	C:\WINDOWS\SYSTEM32\VERSION.dll
0x00007ffd97e30000 - 0x00007ffd97ee1000 	C:\WINDOWS\system32\uxtheme.dll
0x00007ffd9be30000 - 0x00007ffd9bf91000 	C:\WINDOWS\System32\MSCTF.dll
0x00007ffd99900000 - 0x00007ffd99918000 	C:\WINDOWS\SYSTEM32\kernel.appcore.dll
0x00007ffd9ab60000 - 0x00007ffd9abdb000 	C:\WINDOWS\System32\bcryptPrimitives.dll
0x00007ffd9b9c0000 - 0x00007ffd9ba70000 	C:\WINDOWS\System32\clbcatq.dll
0x00007ffd80fa0000 - 0x00007ffd810e5000 	C:\WINDOWS\SYSTEM32\textinputframework.dll
0x00007ffd9cd90000 - 0x00007ffd9ce67000 	C:\WINDOWS\System32\OLEAUT32.dll
0x00007ffd96450000 - 0x00007ffd96583000 	C:\WINDOWS\SYSTEM32\CoreMessaging.dll
0x00007ffd91290000 - 0x00007ffd915fd000 	C:\WINDOWS\SYSTEM32\CoreUIComponents.dll
0x00007ffd98750000 - 0x00007ffd9888f000 	C:\WINDOWS\SYSTEM32\wintypes.dll
0x00007ffd9a040000 - 0x00007ffd9a04c000 	C:\WINDOWS\SYSTEM32\CRYPTBASE.DLL
0x00007ffd3cad0000 - 0x00007ffd3d718000 	C:\Users\Bryan Reamillo\Downloads\eclipse-java-2023-06-R-win32-x86_64\eclipse\plugins\org.eclipse.justj.openjdk.hotspot.jre.full.win32.x86_64_17.0.7.v20230425-1502\jre\bin\server\jvm.dll
0x00007ffd93ad0000 - 0x00007ffd93b04000 	C:\WINDOWS\SYSTEM32\WINMM.dll
0x00007ffd72da0000 - 0x00007ffd72dac000 	C:\WINDOWS\SYSTEM32\VCRUNTIME140_1.dll
0x00007ffd8f560000 - 0x00007ffd8f569000 	C:\WINDOWS\SYSTEM32\WSOCK32.dll
0x00007ffd75fe0000 - 0x00007ffd75ffe000 	C:\WINDOWS\SYSTEM32\VCRUNTIME140.dll
0x00007ffd9bc90000 - 0x00007ffd9bd01000 	C:\WINDOWS\System32\WS2_32.dll
0x00007ffd6bc80000 - 0x00007ffd6bc8a000 	C:\Users\Bryan Reamillo\Downloads\eclipse-java-2023-06-R-win32-x86_64\eclipse\plugins\org.eclipse.justj.openjdk.hotspot.jre.full.win32.x86_64_17.0.7.v20230425-1502\jre\bin\jimage.dll
0x00007ffd918c0000 - 0x00007ffd91af2000 	C:\WINDOWS\SYSTEM32\DBGHELP.DLL
0x00007ffd74370000 - 0x00007ffd743a2000 	C:\WINDOWS\SYSTEM32\dbgcore.DLL
0x00007ffd6bc50000 - 0x00007ffd6bc75000 	C:\Users\Bryan Reamillo\Downloads\eclipse-java-2023-06-R-win32-x86_64\eclipse\plugins\org.eclipse.justj.openjdk.hotspot.jre.full.win32.x86_64_17.0.7.v20230425-1502\jre\bin\java.dll
0x00007ffd6bc30000 - 0x00007ffd6bc48000 	C:\Users\Bryan Reamillo\Downloads\eclipse-java-2023-06-R-win32-x86_64\eclipse\plugins\org.eclipse.justj.openjdk.hotspot.jre.full.win32.x86_64_17.0.7.v20230425-1502\jre\bin\zip.dll
0x00007ffd9c460000 - 0x00007ffd9ccd8000 	C:\WINDOWS\System32\SHELL32.dll
0x00007ffd98890000 - 0x00007ffd99198000 	C:\WINDOWS\SYSTEM32\windows.storage.dll
0x00007ffd9c110000 - 0x00007ffd9c20a000 	C:\WINDOWS\System32\SHCORE.dll
0x00007ffd9c0b0000 - 0x00007ffd9c10e000 	C:\WINDOWS\System32\shlwapi.dll
0x00007ffd9a8d0000 - 0x00007ffd9a8fb000 	C:\WINDOWS\SYSTEM32\profapi.dll
0x00007ffd6bc10000 - 0x00007ffd6bc29000 	C:\Users\Bryan Reamillo\Downloads\eclipse-java-2023-06-R-win32-x86_64\eclipse\plugins\org.eclipse.justj.openjdk.hotspot.jre.full.win32.x86_64_17.0.7.v20230425-1502\jre\bin\net.dll
0x00007ffd968d0000 - 0x00007ffd96a06000 	C:\WINDOWS\SYSTEM32\WINHTTP.dll
0x00007ffd99e20000 - 0x00007ffd99e89000 	C:\WINDOWS\system32\mswsock.dll
0x00007ffd6bbf0000 - 0x00007ffd6bc05000 	C:\Users\Bryan Reamillo\Downloads\eclipse-java-2023-06-R-win32-x86_64\eclipse\plugins\org.eclipse.justj.openjdk.hotspot.jre.full.win32.x86_64_17.0.7.v20230425-1502\jre\bin\nio.dll
0x00007ffd6bbe0000 - 0x00007ffd6bbf0000 	C:\Users\Bryan Reamillo\Downloads\eclipse-java-2023-06-R-win32-x86_64\eclipse\plugins\org.eclipse.justj.openjdk.hotspot.jre.full.win32.x86_64_17.0.7.v20230425-1502\jre\bin\verify.dll

dbghelp: loaded successfully - version: 4.0.5 - missing functions: none
symbol engine: initialized successfully - sym options: 0x614 - pdb path: .;C:\Users\Bryan Reamillo\Downloads\eclipse-java-2023-06-R-win32-x86_64\eclipse;C:\WINDOWS\SYSTEM32;C:\WINDOWS\WinSxS\amd64_microsoft.windows.common-controls_6595b64144ccf1df_6.0.22621.4541_none_2710d1c57384c085;C:\Users\Bryan Reamillo\Downloads\eclipse-java-2023-06-R-win32-x86_64\eclipse\plugins\org.eclipse.equinox.launcher.win32.win32.x86_64_1.2.700.v20221108-1024;C:\Users\Bryan Reamillo\Downloads\eclipse-java-2023-06-R-win32-x86_64\eclipse\plugins\org.eclipse.justj.openjdk.hotspot.jre.full.win32.x86_64_17.0.7.v20230425-1502\jre\bin\server;C:\Users\Bryan Reamillo\Downloads\eclipse-java-2023-06-R-win32-x86_64\eclipse\plugins\org.eclipse.justj.openjdk.hotspot.jre.full.win32.x86_64_17.0.7.v20230425-1502\jre\bin

VM Arguments:
jvm_args: -Dosgi.requiredJavaVersion=17 -Dosgi.instance.area.default=@user.home/eclipse-workspace -Dosgi.dataAreaRequiresExplicitInit=true -Dorg.eclipse.swt.graphics.Resource.reportNonDisposed=true -Xms256m -Xmx2048m -XX:+UseG1GC -XX:+UseStringDeduplication --add-modules=ALL-SYSTEM 
java_command: Eclipse
java_class_path (initial): C:\Users\Bryan Reamillo\Downloads\eclipse-java-2023-06-R-win32-x86_64\eclipse\\plugins/org.eclipse.equinox.launcher_1.6.400.v20210924-0641.jar
Launcher Type: generic

[Global flags]
     intx CICompilerCount                          = 4                                         {product} {ergonomic}
     uint ConcGCThreads                            = 3                                         {product} {ergonomic}
     uint G1ConcRefinementThreads                  = 10                                        {product} {ergonomic}
   size_t G1HeapRegionSize                         = 1048576                                   {product} {ergonomic}
    uintx GCDrainStackTargetSize                   = 64                                        {product} {ergonomic}
   size_t InitialHeapSize                          = 268435456                                 {product} {command line}
   size_t MarkStackSize                            = 4194304                                   {product} {ergonomic}
   size_t MaxHeapSize                              = 2147483648                                {product} {command line}
   size_t MaxNewSize                               = 1287651328                                {product} {ergonomic}
   size_t MinHeapDeltaBytes                        = 1048576                                   {product} {ergonomic}
   size_t MinHeapSize                              = 268435456                                 {product} {command line}
    uintx NonNMethodCodeHeapSize                   = 5839372                                {pd product} {ergonomic}
    uintx NonProfiledCodeHeapSize                  = 122909434                              {pd product} {ergonomic}
    uintx ProfiledCodeHeapSize                     = 122909434                              {pd product} {ergonomic}
    uintx ReservedCodeCacheSize                    = 251658240                              {pd product} {ergonomic}
     bool SegmentedCodeCache                       = true                                      {product} {ergonomic}
   size_t SoftMaxHeapSize                          = 2147483648                             {manageable} {ergonomic}
     bool UseCompressedClassPointers               = true                           {product lp64_product} {ergonomic}
     bool UseCompressedOops                        = true                           {product lp64_product} {ergonomic}
     bool UseG1GC                                  = true                                      {product} {command line}
     bool UseLargePagesIndividualAllocation        = false                                  {pd product} {ergonomic}
     bool UseStringDeduplication                   = true                                      {product} {command line}

Logging:
Log output configuration:
 #0: stdout all=warning uptime,level,tags
 #1: stderr all=off uptime,level,tags

Environment Variables:
JAVA_HOME=C:\Program Files\Java\jdk-23
PATH=C:/Program Files/Git/mingw64/libexec/git-core;C:\Program Files\Git\mingw64\bin;C:\Program Files\Git\usr\bin;C:\Users\Bryan Reamillo\bin;C:\Program Files (x86)\VMware\VMware Workstation\bin\;C:\Program Files\Java\jdk-23\bin;C:\Program Files\Microsoft\jdk-17.0.11.9-hotspot\bin;C:\flutter\bin;C:\Program Files\Common Files\Oracle\Java\javapath;C:\Program Files (x86)\Common Files\Oracle\Java\javapath;C:\ProgramData\Oracle\Java\javapath;C:\windows\system32;C:\windows;C:\windows\System32\Wbem;C:\windows\System32\WindowsPowerShell\v1.0\;C:\windows\System32\OpenSSH\;C:\Program Files (x86)\NVIDIA Corporation\PhysX\Common;C:\Program Files\dotnet\;C:\WINDOWS\system32;C:\WINDOWS;C:\WINDOWS\System32\Wbem;C:\WINDOWS\System32\WindowsPowerShell\v1.0\;C:\WINDOWS\System32\OpenSSH\;C:\ProgramData\chocolatey\bin;C:\tools\dart-sdk;C:\Users\Bryan Reamillo\Flutter\dev\flutter\bin;C:\Users\Bryan Reamillo\AppData\Local\Programs\Python\Python312\Scripts\;C:\Users\Bryan Reamillo\AppData\Local\Programs\Python\Python312\;C:\Program Files\MySQL\MySQL Shell 8.0\bin\;C:\Users\Bryan Reamillo\AppData\Local\Programs\Python\Python310\Scripts\;C:\Users\Bryan Reamillo\AppData\Local\Programs\Python\Python310\;C:\Use;C:\Users\Bryan Reamillo\apache-maven-3.9.8\bin;C:\msys64\mingw64\bin;C:\msys64\ucrt64\bin;C:\xampp\php;C:\ProgramData\ComposerSetup\bin;c:\Users\Bryan Reamillo\AppData\Local\Programs\cursor\resources\app\bin;C:\Program Files\spring-3.3.4\bin;C:\Program Files\Git LFS;C:\Program Files\Docker\Docker\resources\bin;C:\Program Files\NASM;C:\Program Files\Git\cmd;C:\Users\Bryan Reamillo\.cargo\bin;%NVM_HOME%;%NVM_SYMLINK%;C:\Program Files\NVIDIA Corporation\NVIDIA app\NvDLISR;C:\Users\Bryan Reamillo\AppData\Local\Programs\Python\Python313\Scripts\;C:\Users\Bryan Reamillo\AppData\Local\Programs\Python\Python313\;C:\Users\Bryan Reamillo\dev\flutter\bin;C:\Users\Bryan Reamillo\AppData\Local\Programs\Microsoft VS Code\bin;C:\Users\Bryan Reamillo\AppData\Local\Android\Sdk\platform-tools;C:\Program Files
USERNAME=Bryan Reamillo
LC_CTYPE=C.UTF-8
TERM=xterm-256color
TMPDIR=C:\Users\BRYANR~1\AppData\Local\Temp
OS=Windows_NT
PROCESSOR_IDENTIFIER=AMD64 Family 25 Model 80 Stepping 0, AuthenticAMD
TMP=C:\Users\BRYANR~1\AppData\Local\Temp
TEMP=C:\Users\BRYANR~1\AppData\Local\Temp



---------------  S Y S T E M  ---------------

OS:
 Windows 11 , 64 bit Build 22621 (10.0.22621.4391)
OS uptime: 0 days 15:57 hours
Hyper-V role detected

CPU: total 12 (initial active 12) (12 cores per cpu, 2 threads per core) family 25 model 80 stepping 0 microcode 0x0, cx8, cmov, fxsr, ht, mmx, 3dnowpref, sse, sse2, sse3, ssse3, sse4a, sse4.1, sse4.2, popcnt, lzcnt, tsc, tscinvbit, avx, avx2, aes, erms, clmul, bmi1, bmi2, adx, sha, fma, vzeroupper, clflush, clflushopt, hv

Memory: 4k page, system-wide physical 7521M (578M free)
TotalPageFile size 31073M (AvailPageFile size 0M)
current process WorkingSet (physical memory assigned to process): 133M, peak: 133M
current process commit charge ("private bytes"): 386M, peak: 386M

vm_info: OpenJDK 64-Bit Server VM (17.0.7+7) for windows-amd64 JRE (17.0.7+7), built on Apr 18 2023 22:10:42 by "temurin" with MS VC++ 16.7 (VS2019)

END.
